#
# A fatal error has been detected by the Java Runtime Environment:
#
#  EXCEPTION_ACCESS_VIOLATION (0xc0000005) at pc=0x000007fa406dd92e, pid=6304, tid=6432
#
# JRE version: Java(TM) SE Runtime Environment (8.0_91-b14) (build 1.8.0_91-b14)
# Java VM: Java HotSpot(TM) 64-Bit Server VM (25.91-b14 mixed mode windows-amd64 compressed oops)
# Problematic frame:
# C  [GooglePinyin2.ime+0xad92e]
#
# Failed to write core dump. Minidumps are not enabled by default on client versions of Windows
#
# If you would like to submit a bug report, please visit:
#   http://bugreport.java.com/bugreport/crash.jsp
# The crash happened outside the Java Virtual Machine in native code.
# See problematic frame for where to report the bug.
#

---------------  T H R E A D  ---------------

Current thread (0x0000000016e95800):  JavaThread "AWT-Windows" daemon [_thread_in_native, id=6432, stack(0x0000000018000000,0x0000000018100000)]

siginfo: ExceptionCode=0xc0000005, reading address 0x0000000000000008

Registers:
RAX=0x0000000000000000, RBX=0x000000001bd4bc90, RCX=0x0000000000000000, RDX=0x0000000000000002
RSP=0x00000000180fefb0, RBP=0x0000000000000111, RSI=0x0000000000000001, RDI=0x0000000000000002
R8 =0x0000000000000002, R9 =0x000000000004046e, R10=0x000000001bd4bc90, R11=0x000007fa52ab0000
R12=0x000000000004046e, R13=0x000000000004046e, R14=0x000007fa406de080, R15=0x0000000000000002
RIP=0x000007fa406dd92e, EFLAGS=0x0000000000010246

Top of Stack: (sp=0x00000000180fefb0)
0x00000000180fefb0:   0000000000000111 00000000180ff170
0x00000000180fefc0:   0000000000000000 000000000151f2f0
0x00000000180fefd0:   0000000000000000 0000000000000000
0x00000000180fefe0:   000000000004046e 000007fa406de0f2
0x00000000180feff0:   000000001bd060e0 0000000000000002
0x00000000180ff000:   000000000004046e 000007fa406de080
0x00000000180ff010:   00000000180ff020 000000006e46c9a0
0x00000000180ff020:   0000000000000000 0000000000000001
0x00000000180ff030:   000000000004046e 000007fa52ab171e
0x00000000180ff040:   0000000000000001 00000000180ff170
0x00000000180ff050:   0000000000000000 0000000000000111
0x00000000180ff060:   0000000001070410 0000000000000000
0x00000000180ff070:   0000000000000001 0000000000000000
0x00000000180ff080:   0000000000000021 0000000000000000
0x00000000180ff090:   0000000000000048 000007fa00000001
0x00000000180ff0a0:   0000000000000000 0000000000000000 

Instructions: (pc=0x000007fa406dd92e)
0x000007fa406dd90e:   00 00 00 49 8b c0 be 01 00 00 00 48 c1 e8 10 66
0x000007fa406dd91e:   85 c0 75 58 48 8b 59 08 41 0f b7 d0 48 8b 4b 70
0x000007fa406dd92e:   48 8b 49 08 e8 b9 bb ff ff 48 85 c0 74 36 48 8b
0x000007fa406dd93e:   48 28 48 85 c9 74 2d 48 83 78 18 10 72 03 48 8b 


Register to memory mapping:

RAX=0x0000000000000000 is an unknown value
RBX=0x000000001bd4bc90 is an unknown value
RCX=0x0000000000000000 is an unknown value
RDX=0x0000000000000002 is an unknown value
RSP=0x00000000180fefb0 is pointing into the stack for thread: 0x0000000016e95800
RBP=0x0000000000000111 is an unknown value
RSI=0x0000000000000001 is an unknown value
RDI=0x0000000000000002 is an unknown value
R8 =0x0000000000000002 is an unknown value
R9 =0x000000000004046e is an unknown value
R10=0x000000001bd4bc90 is an unknown value
R11=0x000007fa52ab0000 is an unknown value
R12=0x000000000004046e is an unknown value
R13=0x000000000004046e is an unknown value
R14=0x000007fa406de080 is an unknown value
R15=0x0000000000000002 is an unknown value


Stack: [0x0000000018000000,0x0000000018100000],  sp=0x00000000180fefb0,  free space=1019k
Native frames: (J=compiled Java code, j=interpreted, Vv=VM code, C=native code)
C  [GooglePinyin2.ime+0xad92e]
C  [GooglePinyin2.ime+0xae0f2]
C  [USER32.dll+0x171e]
C  [USER32.dll+0x422f9]
C  [USER32.dll+0x487a]
C  [awt.dll+0xcbb03]
C  [USER32.dll+0x9f91]
C  [USER32.dll+0xe017]
C  [awt.dll+0xcbb8c]
C  [awt.dll+0xcd3e6]
C  [USER32.dll+0x171e]
C  [USER32.dll+0x2a62]
C  [USER32.dll+0x294d]
C  0x0000000000f5b4f6

Java frames: (J=compiled Java code, j=interpreted, Vv=VM code)
j  sun.awt.windows.WToolkit.eventLoop()V+0
j  sun.awt.windows.WToolkit.run()V+58
j  java.lang.Thread.run()V+11
v  ~StubRoutines::call_stub

---------------  P R O C E S S  ---------------

Java Threads: ( => current thread )
  0x0000000016d6b800 JavaThread "Thread-0" daemon [_thread_in_native, id=7012, stack(0x0000000021c00000,0x0000000021d00000)]
  0x00000000176c6000 JavaThread "TimerQueue" daemon [_thread_blocked, id=6440, stack(0x0000000018900000,0x0000000018a00000)]
  0x0000000002e20800 JavaThread "DestroyJavaVM" [_thread_blocked, id=6348, stack(0x0000000002d20000,0x0000000002e20000)]
  0x0000000016e97000 JavaThread "AWT-EventQueue-0" [_thread_blocked, id=6436, stack(0x0000000018300000,0x0000000018400000)]
=>0x0000000016e95800 JavaThread "AWT-Windows" daemon [_thread_in_native, id=6432, stack(0x0000000018000000,0x0000000018100000)]
  0x0000000016e93000 JavaThread "AWT-Shutdown" [_thread_blocked, id=6428, stack(0x0000000017f00000,0x0000000018000000)]
  0x0000000016d38000 JavaThread "Java2D Disposer" daemon [_thread_blocked, id=6424, stack(0x0000000017e00000,0x0000000017f00000)]
  0x0000000016b83000 JavaThread "Service Thread" daemon [_thread_blocked, id=6408, stack(0x0000000017400000,0x0000000017500000)]
  0x000000001547a000 JavaThread "C1 CompilerThread2" daemon [_thread_blocked, id=6404, stack(0x0000000017300000,0x0000000017400000)]
  0x0000000015476800 JavaThread "C2 CompilerThread1" daemon [_thread_blocked, id=6400, stack(0x0000000017200000,0x0000000017300000)]
  0x0000000015470800 JavaThread "C2 CompilerThread0" daemon [_thread_blocked, id=6396, stack(0x0000000017100000,0x0000000017200000)]
  0x000000001542d000 JavaThread "Attach Listener" daemon [_thread_blocked, id=6392, stack(0x0000000017000000,0x0000000017100000)]
  0x0000000016b10800 JavaThread "Signal Dispatcher" daemon [_thread_blocked, id=6388, stack(0x0000000016f00000,0x0000000017000000)]
  0x0000000015409800 JavaThread "Finalizer" daemon [_thread_blocked, id=6384, stack(0x0000000016670000,0x0000000016770000)]
  0x0000000002f10000 JavaThread "Reference Handler" daemon [_thread_blocked, id=6380, stack(0x0000000016570000,0x0000000016670000)]

Other Threads:
  0x00000000153e7000 VMThread [stack: 0x0000000016470000,0x0000000016570000] [id=6376]
  0x0000000016bd2000 WatcherThread [stack: 0x0000000017500000,0x0000000017600000] [id=6412]

VM state:not at safepoint (normal execution)

VM Mutex/Monitor currently owned by a thread: None

Heap:
 PSYoungGen      total 18432K, used 4449K [0x00000000ebb80000, 0x00000000ed000000, 0x0000000100000000)
  eden space 15872K, 12% used [0x00000000ebb80000,0x00000000ebd5cd28,0x00000000ecb00000)
  from space 2560K, 99% used [0x00000000ecb00000,0x00000000ecd7b7f0,0x00000000ecd80000)
  to   space 2560K, 0% used [0x00000000ecd80000,0x00000000ecd80000,0x00000000ed000000)
 ParOldGen       total 42496K, used 1759K [0x00000000c3200000, 0x00000000c5b80000, 0x00000000ebb80000)
  object space 42496K, 4% used [0x00000000c3200000,0x00000000c33b7c68,0x00000000c5b80000)
 Metaspace       used 13919K, capacity 14172K, committed 14464K, reserved 1062912K
  class space    used 1723K, capacity 1817K, committed 1920K, reserved 1048576K

Card table byte_map: [0x00000000122e0000,0x00000000124d0000] byte_map_base: 0x0000000011cc7000

Marking Bits: (ParMarkBitMap*) 0x000000006ee72f70
 Begin Bits: [0x0000000012a20000, 0x0000000013958000)
 End Bits:   [0x0000000013958000, 0x0000000014890000)

Polling page: 0x0000000002c20000

CodeCache: size=245760Kb used=5306Kb max_used=5443Kb free=240453Kb
 bounds [0x0000000002f20000, 0x0000000003480000, 0x0000000011f20000]
 total_blobs=2089 nmethods=1569 adapters=432
 compilation: enabled

Compilation events (10 events):
Event: 112.827 Thread 0x0000000015470800 1626       4       sun.font.FileFontStrike::getCachedGlyphPtr (120 bytes)
Event: 112.831 Thread 0x0000000015470800 nmethod 1626 0x0000000003102d90 code [0x0000000003102ee0, 0x00000000031030b8]
Event: 112.848 Thread 0x0000000015476800 1627       4       java.security.AccessControlContext::<init> (63 bytes)
Event: 112.850 Thread 0x0000000015476800 nmethod 1627 0x000000000346c210 code [0x000000000346c340, 0x000000000346c3f8]
Event: 113.452 Thread 0x000000001547a000 1628       3       javax.swing.DefaultButtonModel::isArmed (15 bytes)
Event: 113.452 Thread 0x000000001547a000 nmethod 1628 0x00000000032e5c90 code [0x00000000032e5de0, 0x00000000032e5f90]
Event: 114.601 Thread 0x000000001547a000 1629       3       java.util.Locale::getInstance (22 bytes)
Event: 114.601 Thread 0x000000001547a000 nmethod 1629 0x0000000003167150 code [0x00000000031672e0, 0x00000000031676b8]
Event: 114.601 Thread 0x000000001547a000 1630       3       java.util.Locale$LocaleKey::<init> (7 bytes)
Event: 114.602 Thread 0x000000001547a000 nmethod 1630 0x000000000309eb10 code [0x000000000309ec80, 0x000000000309ee08]

GC Heap History (2 events):
Event: 107.031 GC heap before
{Heap before GC invocations=1 (full 0):
 PSYoungGen      total 18432K, used 15872K [0x00000000ebb80000, 0x00000000ed000000, 0x0000000100000000)
  eden space 15872K, 100% used [0x00000000ebb80000,0x00000000ecb00000,0x00000000ecb00000)
  from space 2560K, 0% used [0x00000000ecd80000,0x00000000ecd80000,0x00000000ed000000)
  to   space 2560K, 0% used [0x00000000ecb00000,0x00000000ecb00000,0x00000000ecd80000)
 ParOldGen       total 42496K, used 0K [0x00000000c3200000, 0x00000000c5b80000, 0x00000000ebb80000)
  object space 42496K, 0% used [0x00000000c3200000,0x00000000c3200000,0x00000000c5b80000)
 Metaspace       used 13914K, capacity 14172K, committed 14464K, reserved 1062912K
  class space    used 1722K, capacity 1817K, committed 1920K, reserved 1048576K
Event: 107.042 GC heap after
Heap after GC invocations=1 (full 0):
 PSYoungGen      total 18432K, used 2541K [0x00000000ebb80000, 0x00000000ed000000, 0x0000000100000000)
  eden space 15872K, 0% used [0x00000000ebb80000,0x00000000ebb80000,0x00000000ecb00000)
  from space 2560K, 99% used [0x00000000ecb00000,0x00000000ecd7b7f0,0x00000000ecd80000)
  to   space 2560K, 0% used [0x00000000ecd80000,0x00000000ecd80000,0x00000000ed000000)
 ParOldGen       total 42496K, used 1759K [0x00000000c3200000, 0x00000000c5b80000, 0x00000000ebb80000)
  object space 42496K, 4% used [0x00000000c3200000,0x00000000c33b7c68,0x00000000c5b80000)
 Metaspace       used 13914K, capacity 14172K, committed 14464K, reserved 1062912K
  class space    used 1722K, capacity 1817K, committed 1920K, reserved 1048576K
}

Deoptimization events (8 events):
Event: 1.118 Thread 0x0000000016e97000 Uncommon trap: reason=class_check action=maybe_recompile pc=0x00000000030880a8 method=java.lang.String.equals(Ljava/lang/Object;)Z @ 8
Event: 1.119 Thread 0x0000000016e97000 Uncommon trap: reason=class_check action=maybe_recompile pc=0x00000000030880a8 method=java.lang.String.equals(Ljava/lang/Object;)Z @ 8
Event: 1.119 Thread 0x0000000016e97000 Uncommon trap: reason=class_check action=maybe_recompile pc=0x00000000030880a8 method=java.lang.String.equals(Ljava/lang/Object;)Z @ 8
Event: 1.123 Thread 0x0000000016e97000 Uncommon trap: reason=class_check action=maybe_recompile pc=0x00000000030880a8 method=java.lang.String.equals(Ljava/lang/Object;)Z @ 8
Event: 43.348 Thread 0x0000000016e97000 Uncommon trap: reason=unstable_if action=reinterpret pc=0x00000000031b11ec method=java.io.BufferedInputStream.read()I @ 8
Event: 43.377 Thread 0x0000000016e97000 Uncommon trap: reason=unstable_if action=reinterpret pc=0x00000000031b3280 method=java.lang.CharacterData.of(I)Ljava/lang/CharacterData; @ 4
Event: 84.687 Thread 0x0000000016e97000 Uncommon trap: reason=unstable_if action=reinterpret pc=0x00000000033d2938 method=java.awt.Container.findComponentAtImpl(IIZ)Ljava/awt/Component; @ 24
Event: 110.609 Thread 0x0000000016e97000 Uncommon trap: reason=unstable_if action=reinterpret pc=0x00000000031b1000 method=java.lang.ref.SoftReference.get()Ljava/lang/Object; @ 17

Internal exceptions (10 events):
Event: 0.371 Thread 0x0000000002e20800 Exception <a 'java/security/PrivilegedActionException'> (0x00000000ebc562a8) thrown at [C:\re\workspace\8-2-build-windows-amd64-cygwin\jdk8u91\6644\hotspot\src\share\vm\prims\jvm.cpp, line 1386]
Event: 0.371 Thread 0x0000000002e20800 Exception <a 'java/security/PrivilegedActionException'> (0x00000000ebc564b8) thrown at [C:\re\workspace\8-2-build-windows-amd64-cygwin\jdk8u91\6644\hotspot\src\share\vm\prims\jvm.cpp, line 1386]
Event: 0.373 Thread 0x0000000002e20800 Exception <a 'java/security/PrivilegedActionException'> (0x00000000ebc5a300) thrown at [C:\re\workspace\8-2-build-windows-amd64-cygwin\jdk8u91\6644\hotspot\src\share\vm\prims\jvm.cpp, line 1386]
Event: 0.373 Thread 0x0000000002e20800 Exception <a 'java/security/PrivilegedActionException'> (0x00000000ebc5a510) thrown at [C:\re\workspace\8-2-build-windows-amd64-cygwin\jdk8u91\6644\hotspot\src\share\vm\prims\jvm.cpp, line 1386]
Event: 0.389 Thread 0x0000000002e20800 Exception <a 'java/io/FileNotFoundException'> (0x00000000ebc62af0) thrown at [C:\re\workspace\8-2-build-windows-amd64-cygwin\jdk8u91\6644\hotspot\src\share\vm\prims\jni.cpp, line 709]
Event: 0.486 Thread 0x0000000002e20800 Exception <a 'java/lang/NoSuchFieldError': method resolution failed> (0x00000000ebd7fbf0) thrown at [C:\re\workspace\8-2-build-windows-amd64-cygwin\jdk8u91\6644\hotspot\src\share\vm\prims\methodHandles.cpp, line 1146]
Event: 0.492 Thread 0x0000000002e20800 Exception <a 'java/lang/NoSuchFieldError': method resolution failed> (0x00000000ebd8cfc0) thrown at [C:\re\workspace\8-2-build-windows-amd64-cygwin\jdk8u91\6644\hotspot\src\share\vm\prims\methodHandles.cpp, line 1146]
Event: 0.653 Thread 0x0000000016e97000 Exception <a 'java/io/FileNotFoundException'> (0x00000000ebeac210) thrown at [C:\re\workspace\8-2-build-windows-amd64-cygwin\jdk8u91\6644\hotspot\src\share\vm\prims\jni.cpp, line 709]
Event: 0.864 Thread 0x0000000016e97000 Exception <a 'java/io/FileNotFoundException'> (0x00000000ebfca3f8) thrown at [C:\re\workspace\8-2-build-windows-amd64-cygwin\jdk8u91\6644\hotspot\src\share\vm\prims\jni.cpp, line 709]
Event: 0.864 Thread 0x0000000016e97000 Exception <a 'java/lang/NullPointerException'> (0x00000000ebfcaa30) thrown at [C:\re\workspace\8-2-build-windows-amd64-cygwin\jdk8u91\6644\hotspot\src\share\vm\interpreter\linkResolver.cpp, line 1178]

Events (10 events):
Event: 112.320 Thread 0x000000001547a000 flushing nmethod 0x0000000003246890
Event: 112.320 Thread 0x000000001547a000 flushing nmethod 0x0000000003269710
Event: 112.323 Executing VM operation: BulkRevokeBias
Event: 112.323 Executing VM operation: BulkRevokeBias done
Event: 112.324 Thread 0x000000001547a000 flushing nmethod 0x00000000032e5c90
Event: 112.848 loading class java/security/DomainCombiner
Event: 112.848 loading class java/security/DomainCombiner done
Event: 114.706 Thread 0x00000000178de000 Thread added: 0x00000000178de000
Event: 114.706 Thread 0x0000000016d6b800 Thread added: 0x0000000016d6b800
Event: 114.707 Thread 0x00000000178de000 Thread exited: 0x00000000178de000


Dynamic libraries:
0x000007f70af60000 - 0x000007f70af97000 	C:\Program Files\Java\jdk1.8.0_91\bin\java.exe
0x000007fa53d40000 - 0x000007fa53efe000 	C:\WINDOWS\SYSTEM32\ntdll.dll
0x000007fa53130000 - 0x000007fa53266000 	C:\WINDOWS\system32\KERNEL32.DLL
0x000007fa50d40000 - 0x000007fa50e33000 	C:\WINDOWS\system32\KERNELBASE.dll
0x000007fa511b0000 - 0x000007fa5128e000 	C:\WINDOWS\system32\ADVAPI32.dll
0x000007fa52ab0000 - 0x000007fa52bfc000 	C:\WINDOWS\system32\USER32.dll
0x000007fa4e530000 - 0x000007fa4e799000 	C:\WINDOWS\WinSxS\amd64_microsoft.windows.common-controls_6595b64144ccf1df_6.0.9200.16384_none_418c2a697189c07f\COMCTL32.dll
0x000007fa51480000 - 0x000007fa51525000 	C:\WINDOWS\system32\msvcrt.dll
0x000007fa53cf0000 - 0x000007fa53d38000 	C:\WINDOWS\SYSTEM32\sechost.dll
0x000007fa536c0000 - 0x000007fa53800000 	C:\WINDOWS\system32\RPCRT4.dll
0x000007fa51340000 - 0x000007fa51480000 	C:\WINDOWS\system32\GDI32.dll
0x000007fa539b0000 - 0x000007fa539e9000 	C:\WINDOWS\system32\IMM32.DLL
0x000007fa53270000 - 0x000007fa53384000 	C:\WINDOWS\system32\MSCTF.dll
0x000000006e580000 - 0x000000006e652000 	C:\Program Files\Java\jdk1.8.0_91\jre\bin\msvcr100.dll
0x000000006e660000 - 0x000000006eef3000 	C:\Program Files\Java\jdk1.8.0_91\jre\bin\server\jvm.dll
0x000007fa44d20000 - 0x000007fa44d29000 	C:\WINDOWS\SYSTEM32\WSOCK32.dll
0x000007fa49d00000 - 0x000007fa49d20000 	C:\WINDOWS\SYSTEM32\WINMM.dll
0x000007fa4e110000 - 0x000007fa4e119000 	C:\WINDOWS\SYSTEM32\VERSION.dll
0x000007fa53110000 - 0x000007fa53117000 	C:\WINDOWS\system32\PSAPI.DLL
0x000007fa51760000 - 0x000007fa517b8000 	C:\WINDOWS\system32\WS2_32.dll
0x000007fa49c60000 - 0x000007fa49c92000 	C:\WINDOWS\SYSTEM32\WINMMBASE.dll
0x000007fa53120000 - 0x000007fa53129000 	C:\WINDOWS\system32\NSI.dll
0x000000006f8d0000 - 0x000000006f8df000 	C:\Program Files\Java\jdk1.8.0_91\jre\bin\verify.dll
0x000000006f8a0000 - 0x000000006f8c9000 	C:\Program Files\Java\jdk1.8.0_91\jre\bin\java.dll
0x000000006f880000 - 0x000000006f896000 	C:\Program Files\Java\jdk1.8.0_91\jre\bin\zip.dll
0x000007fa517c0000 - 0x000007fa52aa5000 	C:\WINDOWS\system32\SHELL32.dll
0x000007fa53800000 - 0x000007fa539b0000 	C:\WINDOWS\SYSTEM32\combase.dll
0x000007fa530c0000 - 0x000007fa53110000 	C:\WINDOWS\system32\SHLWAPI.dll
0x000007fa4f020000 - 0x000007fa4f0b6000 	C:\WINDOWS\SYSTEM32\SHCORE.dll
0x000007fa50c70000 - 0x000007fa50c85000 	C:\WINDOWS\SYSTEM32\profapi.dll
0x000000006e3a0000 - 0x000000006e538000 	C:\Program Files\Java\jdk1.8.0_91\jre\bin\awt.dll
0x000007fa53a00000 - 0x000007fa53ac3000 	C:\WINDOWS\system32\OLEAUT32.dll
0x000007fa4be10000 - 0x000007fa4beaf000 	C:\WINDOWS\system32\apphelp.dll
0x000007fa4fb10000 - 0x000007fa4fbf3000 	C:\WINDOWS\system32\uxtheme.dll
0x000007fa4ee30000 - 0x000007fa4ee51000 	C:\WINDOWS\SYSTEM32\dwmapi.dll
0x000007fa52c00000 - 0x000007fa52d7e000 	C:\WINDOWS\system32\ole32.dll
0x000007fa50ad0000 - 0x000007fa50ada000 	C:\WINDOWS\SYSTEM32\CRYPTBASE.dll
0x000007fa50a50000 - 0x000007fa50aac000 	C:\WINDOWS\SYSTEM32\bcryptPrimitives.dll
0x000000006d970000 - 0x000000006d9b7000 	C:\Program Files\Java\jdk1.8.0_91\jre\bin\fontmanager.dll
0x000000006e560000 - 0x000000006e57a000 	C:\Program Files\Java\jdk1.8.0_91\jre\bin\net.dll
0x000007fa504c0000 - 0x000007fa5051c000 	C:\WINDOWS\system32\mswsock.dll
0x000000006e540000 - 0x000000006e551000 	C:\Program Files\Java\jdk1.8.0_91\jre\bin\nio.dll
0x000000006d780000 - 0x000000006d7c2000 	C:\Program Files\Java\jdk1.8.0_91\jre\bin\t2k.dll
0x000007fa512a0000 - 0x000007fa51336000 	C:\WINDOWS\SYSTEM32\clbcatq.dll
0x000007fa4e930000 - 0x000007fa4eaba000 	C:\WINDOWS\SYSTEM32\WindowsCodecs.dll
0x000007fa40630000 - 0x000007fa40a1c000 	C:\WINDOWS\system32\GooglePinyin2.ime
0x000007fa50e40000 - 0x000007fa51017000 	C:\WINDOWS\system32\CRYPT32.dll
0x000007fa40610000 - 0x000007fa40626000 	C:\WINDOWS\system32\USP10.dll
0x000007fa51020000 - 0x000007fa51075000 	C:\WINDOWS\system32\WINTRUST.dll
0x000007fa40600000 - 0x000007fa40607000 	C:\WINDOWS\system32\MSIMG32.dll
0x000007fa52d80000 - 0x000007fa52f20000 	C:\WINDOWS\WinSxS\amd64_microsoft.windows.gdiplus_6595b64144ccf1df_1.1.9200.16384_none_72771d4ecc1c3a4d\gdiplus.dll
0x000007fa403e0000 - 0x000007fa40543000 	C:\WINDOWS\system32\dbghelp.dll
0x000007fa51530000 - 0x000007fa5175e000 	C:\WINDOWS\system32\WININET.dll
0x000007fa50d20000 - 0x000007fa50d36000 	C:\WINDOWS\system32\MSASN1.dll
0x000007fa53ad0000 - 0x000007fa53ce5000 	C:\WINDOWS\system32\iertutil.dll
0x000007fa50a20000 - 0x000007fa50a4c000 	C:\WINDOWS\SYSTEM32\SspiCli.dll
0x000007fa4bf10000 - 0x000007fa4bf3e000 	C:\WINDOWS\SYSTEM32\ntmarta.dll
0x000007fa3f7f0000 - 0x000007fa3f9b7000 	C:\WINDOWS\System32\msxml3.dll
0x000007fa4dd90000 - 0x000007fa4df55000 	C:\WINDOWS\SYSTEM32\DWrite.dll
0x000000006e330000 - 0x000000006e35a000 	C:\Program Files\Java\jdk1.8.0_91\jre\bin\dcpr.dll
0x000007fa50300000 - 0x000007fa50398000 	C:\WINDOWS\SYSTEM32\DNSAPI.dll
0x000007fa49830000 - 0x000007fa49838000 	C:\Windows\System32\rasadhlp.dll
0x000007fa4ce80000 - 0x000007fa4ceac000 	C:\WINDOWS\SYSTEM32\IPHLPAPI.DLL
0x000007fa4ce60000 - 0x000007fa4ce6a000 	C:\WINDOWS\SYSTEM32\WINNSI.DLL
0x000007fa4cc00000 - 0x000007fa4cc5f000 	C:\WINDOWS\System32\fwpuclnt.dll

VM Arguments:
jvm_args: -Dfile.encoding=UTF-8 
java_command: cc.isotopestudio.Main
java_class_path (initial): D:\Workplace\ACT-Collector\lib\AbsoluteLayout.jar;D:\Workplace\ACT-Collector\lib\swing-layout-1.0.3.jar;D:\Workplace\ACT-Collector\build\classes
Launcher Type: SUN_STANDARD

Environment Variables:
PATH=C:\ProgramData\Oracle\Java\javapath;C:\WINDOWS\system32;C:\WINDOWS;C:\WINDOWS\System32\Wbem;C:\WINDOWS\System32\WindowsPowerShell\v1.0\
USERNAME=Laetitia
OS=Windows_NT
PROCESSOR_IDENTIFIER=Intel64 Family 6 Model 37 Stepping 5, GenuineIntel



---------------  S Y S T E M  ---------------

OS: Windows 8 , 64 bit Build 9200 (6.2.9200.16384)

CPU:total 4 (2 cores per cpu, 2 threads per core) family 6 model 37 stepping 5, cmov, cx8, fxsr, mmx, sse, sse2, sse3, ssse3, sse4.1, sse4.2, popcnt, aes, clmul, ht, tsc, tscinvbit

Memory: 4k page, physical 3985068k(1097616k free), swap 4705964k(1288920k free)

vm_info: Java HotSpot(TM) 64-Bit Server VM (25.91-b14) for windows-amd64 JRE (1.8.0_91-b14), built on Apr  1 2016 00:58:32 by "java_re" with MS VC++ 10.0 (VS2010)

time: Tue Dec 27 09:25:27 2016
elapsed time: 114 seconds (0d 0h 1m 54s)

