#
# A fatal error has been detected by the Java Runtime Environment:
#
#  EXCEPTION_ACCESS_VIOLATION (0xc0000005) at pc=0x000007fa406dd92e, pid=7048, tid=3612
#
# JRE version: Java(TM) SE Runtime Environment (8.0_91-b14) (build 1.8.0_91-b14)
# Java VM: Java HotSpot(TM) 64-Bit Server VM (25.91-b14 mixed mode windows-amd64 compressed oops)
# Problematic frame:
# C  [GooglePinyin2.ime+0xad92e]
#
# Failed to write core dump. Minidumps are not enabled by default on client versions of Windows
#
# If you would like to submit a bug report, please visit:
#   http://bugreport.java.com/bugreport/crash.jsp
# The crash happened outside the Java Virtual Machine in native code.
# See problematic frame for where to report the bug.
#

---------------  T H R E A D  ---------------

Current thread (0x000000001632a000):  JavaThread "AWT-Windows" daemon [_thread_in_native, id=3612, stack(0x0000000017460000,0x0000000017560000)]

siginfo: ExceptionCode=0xc0000005, reading address 0x0000000000000008

Registers:
RAX=0x0000000000000000, RBX=0x000000001b18bc90, RCX=0x0000000000000000, RDX=0x0000000000000002
RSP=0x000000001755ee40, RBP=0x0000000000000111, RSI=0x0000000000000001, RDI=0x0000000000000002
R8 =0x0000000000000002, R9 =0x00000000000401f6, R10=0x000000001b18bc90, R11=0x000007fa52ab0000
R12=0x00000000000401f6, R13=0x00000000000401f6, R14=0x000007fa406de080, R15=0x0000000000000002
RIP=0x000007fa406dd92e, EFLAGS=0x0000000000010246

Top of Stack: (sp=0x000000001755ee40)
0x000000001755ee40:   0000000000000111 000000001755f000
0x000000001755ee50:   0000000000000000 00000000009a7560
0x000000001755ee60:   0000000000000000 0000000000000000
0x000000001755ee70:   00000000000401f6 000007fa406de0f2
0x000000001755ee80:   000000001b145b40 0000000000000002
0x000000001755ee90:   00000000000401f6 000007fa406de080
0x000000001755eea0:   000000001755eeb0 000000006e46c9a0
0x000000001755eeb0:   0000000000000000 0000000000000001
0x000000001755eec0:   00000000000401f6 000007fa52ab171e
0x000000001755eed0:   0000000000000001 000000001755f000
0x000000001755eee0:   0000000000000000 0000000000000111
0x000000001755eef0:   0000000000410410 0000000000000000
0x000000001755ef00:   0000000000000001 0000000000000000
0x000000001755ef10:   0000000000000021 0000000000000000
0x000000001755ef20:   0000000000000048 000007fa00000001
0x000000001755ef30:   0000000000000000 0000000000000000 

Instructions: (pc=0x000007fa406dd92e)
0x000007fa406dd90e:   00 00 00 49 8b c0 be 01 00 00 00 48 c1 e8 10 66
0x000007fa406dd91e:   85 c0 75 58 48 8b 59 08 41 0f b7 d0 48 8b 4b 70
0x000007fa406dd92e:   48 8b 49 08 e8 b9 bb ff ff 48 85 c0 74 36 48 8b
0x000007fa406dd93e:   48 28 48 85 c9 74 2d 48 83 78 18 10 72 03 48 8b 


Register to memory mapping:

RAX=0x0000000000000000 is an unknown value
RBX=0x000000001b18bc90 is an unknown value
RCX=0x0000000000000000 is an unknown value
RDX=0x0000000000000002 is an unknown value
RSP=0x000000001755ee40 is pointing into the stack for thread: 0x000000001632a000
RBP=0x0000000000000111 is an unknown value
RSI=0x0000000000000001 is an unknown value
RDI=0x0000000000000002 is an unknown value
R8 =0x0000000000000002 is an unknown value
R9 =0x00000000000401f6 is an unknown value
R10=0x000000001b18bc90 is an unknown value
R11=0x000007fa52ab0000 is an unknown value
R12=0x00000000000401f6 is an unknown value
R13=0x00000000000401f6 is an unknown value
R14=0x000007fa406de080 is an unknown value
R15=0x0000000000000002 is an unknown value


Stack: [0x0000000017460000,0x0000000017560000],  sp=0x000000001755ee40,  free space=1019k
Native frames: (J=compiled Java code, j=interpreted, Vv=VM code, C=native code)
C  [GooglePinyin2.ime+0xad92e]
C  [GooglePinyin2.ime+0xae0f2]
C  [USER32.dll+0x171e]
C  [USER32.dll+0x422f9]
C  [USER32.dll+0x487a]
C  [awt.dll+0xcbb03]
C  [USER32.dll+0x9f91]
C  [USER32.dll+0xe017]
C  [awt.dll+0xcbb8c]
C  [awt.dll+0xcd3e6]
C  [USER32.dll+0x171e]
C  [USER32.dll+0x2a62]
C  [USER32.dll+0x294d]
C  0x00000000003bb4f6

Java frames: (J=compiled Java code, j=interpreted, Vv=VM code)
j  sun.awt.windows.WToolkit.eventLoop()V+0
j  sun.awt.windows.WToolkit.run()V+58
j  java.lang.Thread.run()V+11
v  ~StubRoutines::call_stub

---------------  P R O C E S S  ---------------

Java Threads: ( => current thread )
  0x0000000016fe6000 JavaThread "Thread-0" daemon [_thread_in_native, id=6264, stack(0x000000001f790000,0x000000001f890000)]
  0x0000000016158800 JavaThread "Keep-Alive-Timer" daemon [_thread_blocked, id=5816, stack(0x000000001f590000,0x000000001f690000)]
  0x0000000016b2e000 JavaThread "TimerQueue" daemon [_thread_blocked, id=6216, stack(0x0000000017d70000,0x0000000017e70000)]
  0x0000000002270800 JavaThread "DestroyJavaVM" [_thread_blocked, id=7092, stack(0x00000000020d0000,0x00000000021d0000)]
  0x000000001632c000 JavaThread "AWT-EventQueue-0" [_thread_blocked, id=6220, stack(0x0000000017770000,0x0000000017870000)]
=>0x000000001632a000 JavaThread "AWT-Windows" daemon [_thread_in_native, id=3612, stack(0x0000000017460000,0x0000000017560000)]
  0x0000000016329000 JavaThread "AWT-Shutdown" [_thread_blocked, id=2152, stack(0x0000000017360000,0x0000000017460000)]
  0x0000000016325800 JavaThread "Java2D Disposer" daemon [_thread_blocked, id=3652, stack(0x0000000017260000,0x0000000017360000)]
  0x0000000015fd3800 JavaThread "Service Thread" daemon [_thread_blocked, id=7144, stack(0x0000000016860000,0x0000000016960000)]
  0x00000000148cd000 JavaThread "C1 CompilerThread2" daemon [_thread_blocked, id=7140, stack(0x0000000016760000,0x0000000016860000)]
  0x00000000148cb000 JavaThread "C2 CompilerThread1" daemon [_thread_blocked, id=7136, stack(0x0000000016660000,0x0000000016760000)]
  0x00000000148c9000 JavaThread "C2 CompilerThread0" daemon [_thread_blocked, id=7132, stack(0x0000000016560000,0x0000000016660000)]
  0x00000000148c8800 JavaThread "Attach Listener" daemon [_thread_blocked, id=7128, stack(0x0000000016460000,0x0000000016560000)]
  0x0000000015f68800 JavaThread "Signal Dispatcher" daemon [_thread_blocked, id=7124, stack(0x0000000016360000,0x0000000016460000)]
  0x000000000236a800 JavaThread "Finalizer" daemon [_thread_blocked, id=7120, stack(0x0000000015ad0000,0x0000000015bd0000)]
  0x000000000235f000 JavaThread "Reference Handler" daemon [_thread_blocked, id=7116, stack(0x00000000159d0000,0x0000000015ad0000)]

Other Threads:
  0x0000000014836800 VMThread [stack: 0x00000000158d0000,0x00000000159d0000] [id=7112]
  0x0000000016017800 WatcherThread [stack: 0x0000000016960000,0x0000000016a60000] [id=7148]

VM state:not at safepoint (normal execution)

VM Mutex/Monitor currently owned by a thread: None

Heap:
 PSYoungGen      total 18432K, used 11163K [0x00000000ebb80000, 0x00000000ed000000, 0x0000000100000000)
  eden space 15872K, 70% used [0x00000000ebb80000,0x00000000ec666fd8,0x00000000ecb00000)
  from space 2560K, 0% used [0x00000000ecd80000,0x00000000ecd80000,0x00000000ed000000)
  to   space 2560K, 0% used [0x00000000ecb00000,0x00000000ecb00000,0x00000000ecd80000)
 ParOldGen       total 42496K, used 0K [0x00000000c3200000, 0x00000000c5b80000, 0x00000000ebb80000)
  object space 42496K, 0% used [0x00000000c3200000,0x00000000c3200000,0x00000000c5b80000)
 Metaspace       used 12686K, capacity 12822K, committed 12928K, reserved 1060864K
  class space    used 1583K, capacity 1649K, committed 1664K, reserved 1048576K

Card table byte_map: [0x0000000011730000,0x0000000011920000] byte_map_base: 0x0000000011117000

Marking Bits: (ParMarkBitMap*) 0x000000006ee72f70
 Begin Bits: [0x0000000011e70000, 0x0000000012da8000)
 End Bits:   [0x0000000012da8000, 0x0000000013ce0000)

Polling page: 0x0000000000620000

CodeCache: size=245760Kb used=3754Kb max_used=3763Kb free=242005Kb
 bounds [0x0000000002370000, 0x0000000002720000, 0x0000000011370000]
 total_blobs=1582 nmethods=1081 adapters=414
 compilation: enabled

Compilation events (10 events):
Event: 18.808 Thread 0x00000000148cd000 1077       3       java.lang.reflect.Field::getBoolean (51 bytes)
Event: 18.809 Thread 0x00000000148cd000 nmethod 1077 0x0000000002717d90 code [0x0000000002717f60, 0x0000000002718588]
Event: 18.809 Thread 0x00000000148cd000 1078       3       sun.reflect.UnsafeBooleanFieldAccessorImpl::getBoolean (17 bytes)
Event: 18.810 Thread 0x00000000148cd000 nmethod 1078 0x0000000002718790 code [0x0000000002718960, 0x00000000027193b8]
Event: 18.861 Thread 0x00000000148cd000 1079       3       javax.swing.text.FieldView::adjustAllocation (358 bytes)
Event: 18.863 Thread 0x00000000148cd000 nmethod 1079 0x00000000027197d0 code [0x0000000002719a40, 0x000000000271ae08]
Event: 18.950 Thread 0x00000000148c9000 1080       4       java.util.concurrent.locks.ReentrantLock$Sync::tryRelease (45 bytes)
Event: 18.951 Thread 0x00000000148c9000 nmethod 1080 0x000000000271e1d0 code [0x000000000271e300, 0x000000000271e3b8]
Event: 19.857 Thread 0x00000000148cd000 1081   !   3       java.util.concurrent.locks.AbstractQueuedSynchronizer::fullyRelease (54 bytes)
Event: 19.858 Thread 0x00000000148cd000 nmethod 1081 0x000000000271d750 code [0x000000000271d900, 0x000000000271dee8]

GC Heap History (0 events):
No events

Deoptimization events (5 events):
Event: 1.224 Thread 0x000000001632c000 Uncommon trap: reason=class_check action=maybe_recompile pc=0x00000000024e2f28 method=java.lang.String.equals(Ljava/lang/Object;)Z @ 8
Event: 1.225 Thread 0x000000001632c000 Uncommon trap: reason=class_check action=maybe_recompile pc=0x00000000024e2f28 method=java.lang.String.equals(Ljava/lang/Object;)Z @ 8
Event: 1.225 Thread 0x000000001632c000 Uncommon trap: reason=class_check action=maybe_recompile pc=0x00000000024e2f28 method=java.lang.String.equals(Ljava/lang/Object;)Z @ 8
Event: 1.227 Thread 0x000000001632c000 Uncommon trap: reason=class_check action=maybe_recompile pc=0x00000000024e2f28 method=java.lang.String.equals(Ljava/lang/Object;)Z @ 8
Event: 2.992 Thread 0x000000001632c000 Uncommon trap: reason=unstable_if action=reinterpret pc=0x00000000025869ac method=java.io.BufferedInputStream.read()I @ 8

Internal exceptions (10 events):
Event: 0.447 Thread 0x0000000002270800 Exception <a 'java/security/PrivilegedActionException'> (0x00000000ebc562a8) thrown at [C:\re\workspace\8-2-build-windows-amd64-cygwin\jdk8u91\6644\hotspot\src\share\vm\prims\jvm.cpp, line 1386]
Event: 0.447 Thread 0x0000000002270800 Exception <a 'java/security/PrivilegedActionException'> (0x00000000ebc564b8) thrown at [C:\re\workspace\8-2-build-windows-amd64-cygwin\jdk8u91\6644\hotspot\src\share\vm\prims\jvm.cpp, line 1386]
Event: 0.454 Thread 0x0000000002270800 Exception <a 'java/security/PrivilegedActionException'> (0x00000000ebc5a300) thrown at [C:\re\workspace\8-2-build-windows-amd64-cygwin\jdk8u91\6644\hotspot\src\share\vm\prims\jvm.cpp, line 1386]
Event: 0.454 Thread 0x0000000002270800 Exception <a 'java/security/PrivilegedActionException'> (0x00000000ebc5a510) thrown at [C:\re\workspace\8-2-build-windows-amd64-cygwin\jdk8u91\6644\hotspot\src\share\vm\prims\jvm.cpp, line 1386]
Event: 0.473 Thread 0x0000000002270800 Exception <a 'java/io/FileNotFoundException'> (0x00000000ebc62af0) thrown at [C:\re\workspace\8-2-build-windows-amd64-cygwin\jdk8u91\6644\hotspot\src\share\vm\prims\jni.cpp, line 709]
Event: 0.616 Thread 0x0000000002270800 Exception <a 'java/lang/NoSuchFieldError': method resolution failed> (0x00000000ebd7fbf0) thrown at [C:\re\workspace\8-2-build-windows-amd64-cygwin\jdk8u91\6644\hotspot\src\share\vm\prims\methodHandles.cpp, line 1146]
Event: 0.641 Thread 0x0000000002270800 Exception <a 'java/lang/NoSuchFieldError': method resolution failed> (0x00000000ebd8cfc0) thrown at [C:\re\workspace\8-2-build-windows-amd64-cygwin\jdk8u91\6644\hotspot\src\share\vm\prims\methodHandles.cpp, line 1146]
Event: 0.775 Thread 0x000000001632c000 Exception <a 'java/io/FileNotFoundException'> (0x00000000ebeac210) thrown at [C:\re\workspace\8-2-build-windows-amd64-cygwin\jdk8u91\6644\hotspot\src\share\vm\prims\jni.cpp, line 709]
Event: 0.970 Thread 0x000000001632c000 Exception <a 'java/io/FileNotFoundException'> (0x00000000ebfca3f8) thrown at [C:\re\workspace\8-2-build-windows-amd64-cygwin\jdk8u91\6644\hotspot\src\share\vm\prims\jni.cpp, line 709]
Event: 0.970 Thread 0x000000001632c000 Exception <a 'java/lang/NullPointerException'> (0x00000000ebfcaa30) thrown at [C:\re\workspace\8-2-build-windows-amd64-cygwin\jdk8u91\6644\hotspot\src\share\vm\interpreter\linkResolver.cpp, line 1178]

Events (10 events):
Event: 17.215 Executing VM operation: RevokeBias done
Event: 17.216 loading class java/util/Collections$SynchronizedRandomAccessList
Event: 17.216 loading class java/util/Collections$SynchronizedList
Event: 17.216 loading class java/util/Collections$SynchronizedList done
Event: 17.216 loading class java/util/Collections$SynchronizedRandomAccessList done
Event: 17.506 loading class java/awt/Window$1DisposeAction
Event: 17.506 loading class java/awt/Window$1DisposeAction done
Event: 20.680 Thread 0x0000000016fe5800 Thread added: 0x0000000016fe5800
Event: 20.680 Thread 0x0000000016fe6000 Thread added: 0x0000000016fe6000
Event: 20.681 Thread 0x0000000016fe5800 Thread exited: 0x0000000016fe5800


Dynamic libraries:
0x000007f70af60000 - 0x000007f70af97000 	C:\Program Files\Java\jdk1.8.0_91\bin\java.exe
0x000007fa53d40000 - 0x000007fa53efe000 	C:\WINDOWS\SYSTEM32\ntdll.dll
0x000007fa53130000 - 0x000007fa53266000 	C:\WINDOWS\system32\KERNEL32.DLL
0x000007fa50d40000 - 0x000007fa50e33000 	C:\WINDOWS\system32\KERNELBASE.dll
0x000007fa511b0000 - 0x000007fa5128e000 	C:\WINDOWS\system32\ADVAPI32.dll
0x000007fa52ab0000 - 0x000007fa52bfc000 	C:\WINDOWS\system32\USER32.dll
0x000007fa4e530000 - 0x000007fa4e799000 	C:\WINDOWS\WinSxS\amd64_microsoft.windows.common-controls_6595b64144ccf1df_6.0.9200.16384_none_418c2a697189c07f\COMCTL32.dll
0x000007fa51480000 - 0x000007fa51525000 	C:\WINDOWS\system32\msvcrt.dll
0x000007fa53cf0000 - 0x000007fa53d38000 	C:\WINDOWS\SYSTEM32\sechost.dll
0x000007fa536c0000 - 0x000007fa53800000 	C:\WINDOWS\system32\RPCRT4.dll
0x000007fa51340000 - 0x000007fa51480000 	C:\WINDOWS\system32\GDI32.dll
0x000007fa539b0000 - 0x000007fa539e9000 	C:\WINDOWS\system32\IMM32.DLL
0x000007fa53270000 - 0x000007fa53384000 	C:\WINDOWS\system32\MSCTF.dll
0x000000006e580000 - 0x000000006e652000 	C:\Program Files\Java\jdk1.8.0_91\jre\bin\msvcr100.dll
0x000000006e660000 - 0x000000006eef3000 	C:\Program Files\Java\jdk1.8.0_91\jre\bin\server\jvm.dll
0x000007fa44d20000 - 0x000007fa44d29000 	C:\WINDOWS\SYSTEM32\WSOCK32.dll
0x000007fa49d00000 - 0x000007fa49d20000 	C:\WINDOWS\SYSTEM32\WINMM.dll
0x000007fa4e110000 - 0x000007fa4e119000 	C:\WINDOWS\SYSTEM32\VERSION.dll
0x000007fa53110000 - 0x000007fa53117000 	C:\WINDOWS\system32\PSAPI.DLL
0x000007fa51760000 - 0x000007fa517b8000 	C:\WINDOWS\system32\WS2_32.dll
0x000007fa49c60000 - 0x000007fa49c92000 	C:\WINDOWS\SYSTEM32\WINMMBASE.dll
0x000007fa53120000 - 0x000007fa53129000 	C:\WINDOWS\system32\NSI.dll
0x000000006f8d0000 - 0x000000006f8df000 	C:\Program Files\Java\jdk1.8.0_91\jre\bin\verify.dll
0x000000006f8a0000 - 0x000000006f8c9000 	C:\Program Files\Java\jdk1.8.0_91\jre\bin\java.dll
0x000000006f880000 - 0x000000006f896000 	C:\Program Files\Java\jdk1.8.0_91\jre\bin\zip.dll
0x000007fa517c0000 - 0x000007fa52aa5000 	C:\WINDOWS\system32\SHELL32.dll
0x000007fa53800000 - 0x000007fa539b0000 	C:\WINDOWS\SYSTEM32\combase.dll
0x000007fa530c0000 - 0x000007fa53110000 	C:\WINDOWS\system32\SHLWAPI.dll
0x000007fa4f020000 - 0x000007fa4f0b6000 	C:\WINDOWS\SYSTEM32\SHCORE.dll
0x000007fa50c70000 - 0x000007fa50c85000 	C:\WINDOWS\SYSTEM32\profapi.dll
0x000000006e3a0000 - 0x000000006e538000 	C:\Program Files\Java\jdk1.8.0_91\jre\bin\awt.dll
0x000007fa53a00000 - 0x000007fa53ac3000 	C:\WINDOWS\system32\OLEAUT32.dll
0x000007fa4be10000 - 0x000007fa4beaf000 	C:\WINDOWS\system32\apphelp.dll
0x000007fa4fb10000 - 0x000007fa4fbf3000 	C:\WINDOWS\system32\uxtheme.dll
0x000007fa4ee30000 - 0x000007fa4ee51000 	C:\WINDOWS\SYSTEM32\dwmapi.dll
0x000007fa52c00000 - 0x000007fa52d7e000 	C:\WINDOWS\system32\ole32.dll
0x000007fa50ad0000 - 0x000007fa50ada000 	C:\WINDOWS\SYSTEM32\CRYPTBASE.dll
0x000007fa50a50000 - 0x000007fa50aac000 	C:\WINDOWS\SYSTEM32\bcryptPrimitives.dll
0x000000006d970000 - 0x000000006d9b7000 	C:\Program Files\Java\jdk1.8.0_91\jre\bin\fontmanager.dll
0x000000006e560000 - 0x000000006e57a000 	C:\Program Files\Java\jdk1.8.0_91\jre\bin\net.dll
0x000007fa504c0000 - 0x000007fa5051c000 	C:\WINDOWS\system32\mswsock.dll
0x000000006e540000 - 0x000000006e551000 	C:\Program Files\Java\jdk1.8.0_91\jre\bin\nio.dll
0x000000006d780000 - 0x000000006d7c2000 	C:\Program Files\Java\jdk1.8.0_91\jre\bin\t2k.dll
0x000007fa512a0000 - 0x000007fa51336000 	C:\WINDOWS\SYSTEM32\clbcatq.dll
0x000007fa4e930000 - 0x000007fa4eaba000 	C:\WINDOWS\SYSTEM32\WindowsCodecs.dll
0x000007fa40630000 - 0x000007fa40a1c000 	C:\WINDOWS\system32\GooglePinyin2.ime
0x000007fa50e40000 - 0x000007fa51017000 	C:\WINDOWS\system32\CRYPT32.dll
0x000007fa40610000 - 0x000007fa40626000 	C:\WINDOWS\system32\USP10.dll
0x000007fa51020000 - 0x000007fa51075000 	C:\WINDOWS\system32\WINTRUST.dll
0x000007fa40600000 - 0x000007fa40607000 	C:\WINDOWS\system32\MSIMG32.dll
0x000007fa52d80000 - 0x000007fa52f20000 	C:\WINDOWS\WinSxS\amd64_microsoft.windows.gdiplus_6595b64144ccf1df_1.1.9200.16384_none_72771d4ecc1c3a4d\gdiplus.dll
0x000007fa403e0000 - 0x000007fa40543000 	C:\WINDOWS\system32\dbghelp.dll
0x000007fa51530000 - 0x000007fa5175e000 	C:\WINDOWS\system32\WININET.dll
0x000007fa50d20000 - 0x000007fa50d36000 	C:\WINDOWS\system32\MSASN1.dll
0x000007fa53ad0000 - 0x000007fa53ce5000 	C:\WINDOWS\system32\iertutil.dll
0x000007fa50a20000 - 0x000007fa50a4c000 	C:\WINDOWS\SYSTEM32\SspiCli.dll
0x000007fa4bf10000 - 0x000007fa4bf3e000 	C:\WINDOWS\SYSTEM32\ntmarta.dll
0x000007fa3f7f0000 - 0x000007fa3f9b7000 	C:\WINDOWS\System32\msxml3.dll
0x000007fa4dd90000 - 0x000007fa4df55000 	C:\WINDOWS\SYSTEM32\DWrite.dll
0x000000006e330000 - 0x000000006e35a000 	C:\Program Files\Java\jdk1.8.0_91\jre\bin\dcpr.dll
0x000007fa50300000 - 0x000007fa50398000 	C:\WINDOWS\SYSTEM32\DNSAPI.dll
0x000007fa49830000 - 0x000007fa49838000 	C:\Windows\System32\rasadhlp.dll
0x000007fa4ce80000 - 0x000007fa4ceac000 	C:\WINDOWS\SYSTEM32\IPHLPAPI.DLL
0x000007fa4ce60000 - 0x000007fa4ce6a000 	C:\WINDOWS\SYSTEM32\WINNSI.DLL
0x000007fa4cc00000 - 0x000007fa4cc5f000 	C:\WINDOWS\System32\fwpuclnt.dll

VM Arguments:
jvm_args: -Dfile.encoding=UTF-8 
java_command: cc.isotopestudio.Main
java_class_path (initial): D:\Workplace\ACT-Collector\lib\AbsoluteLayout.jar;D:\Workplace\ACT-Collector\lib\swing-layout-1.0.3.jar;D:\Workplace\ACT-Collector\build\classes
Launcher Type: SUN_STANDARD

Environment Variables:
PATH=C:\ProgramData\Oracle\Java\javapath;C:\WINDOWS\system32;C:\WINDOWS;C:\WINDOWS\System32\Wbem;C:\WINDOWS\System32\WindowsPowerShell\v1.0\
USERNAME=Laetitia
OS=Windows_NT
PROCESSOR_IDENTIFIER=Intel64 Family 6 Model 37 Stepping 5, GenuineIntel



---------------  S Y S T E M  ---------------

OS: Windows 8 , 64 bit Build 9200 (6.2.9200.16384)

CPU:total 4 (2 cores per cpu, 2 threads per core) family 6 model 37 stepping 5, cmov, cx8, fxsr, mmx, sse, sse2, sse3, ssse3, sse4.1, sse4.2, popcnt, aes, clmul, ht, tsc, tscinvbit

Memory: 4k page, physical 3985068k(1068488k free), swap 4705964k(1285280k free)

vm_info: Java HotSpot(TM) 64-Bit Server VM (25.91-b14) for windows-amd64 JRE (1.8.0_91-b14), built on Apr  1 2016 00:58:32 by "java_re" with MS VC++ 10.0 (VS2010)

time: Tue Dec 27 09:25:52 2016
elapsed time: 20 seconds (0d 0h 0m 20s)

